<?xml version="1.0" encoding="UTF-8"?>
<!-- Generated by org.testng.reporters.JUnitReportReporter -->
<testsuite hostname="DESKTOP-I0CNKT4" failures="0" tests="1" name="com.giaphi.demo.tests.LoginTest" time="5.448" errors="0" timestamp="2022-11-27T15:47:17 ICT" skipped="0">
  <testcase classname="com.giaphi.demo.tests.LoginTest" name="testLogin" time="5.448"/>
  <system-out/>
</testsuite> <!-- com.giaphi.demo.tests.LoginTest -->
